<?xml version="1.0" encoding="UTF-8"?>
<!-- Generated by org.testng.reporters.JUnitReportReporter -->
<testsuite hostname="TMZ-DPC-2260" failures="0" tests="1" name="com.runnerFile.TestNGRunner" time="10.633" errors="0" timestamp="2023-11-03T15:51:03 IST" skipped="0">
  <testcase classname="com.runnerFile.TestNGRunner" name="runScenario" time="10.633"/>
</testsuite> <!-- com.runnerFile.TestNGRunner -->
